commit 370ff1a8c44c8109a68119982bd4b53bce3e90b6
Author: mounika120 <mounikapolisetti97@gmail.com>
Date:   Sun May 31 19:49:17 2020 +0200

    server

commit 1f505006218f48277b9ee0e561c738d455fc4d45
Author: mounika120 <mounikapolisetti97@gmail.com>
Date:   Sun May 31 19:48:25 2020 +0200

    first commit

commit cbefcc9df7d68cc5b449909f78ab2d92a81df41b
Author: mounika120 <64479944+mounika120@users.noreply.github.com>
Date:   Sun May 31 19:44:46 2020 +0200

    Delete log.txt

commit 9bcc56fc9adee5ae5401814c66a80daf62e19e12
Author: mounika120 <64479944+mounika120@users.noreply.github.com>
Date:   Sun May 31 19:44:30 2020 +0200

    Delete chatserver.py.py

commit 856ed4aae5d6cb807f66eacdadc275df47df8162
Author: mounika120 <64479944+mounika120@users.noreply.github.com>
Date:   Sun May 31 19:44:19 2020 +0200

    Delete chatclient.py.py

commit 2e62f3c81c82a8a0550b8d3655416e52d9dd39af
Author: mounika120 <64479944+mounika120@users.noreply.github.com>
Date:   Sat May 30 21:42:41 2020 +0200

    Delete chatserver.py

commit 2496b2797f4f45a912a39fd6d9043d318343b55d
Author: mounika120 <64479944+mounika120@users.noreply.github.com>
Date:   Sat May 30 21:42:17 2020 +0200

    Delete chatclient.py

commit 5bf63da97034e974ed71b250b06f51016ac7cf85
Author: mounika120 <mounikapolisetti97@gmail.com>
Date:   Sat May 30 21:40:56 2020 +0200

    third commit

commit d8ece5df97a205516632bf21bd0fa1035d1c0aa2
Author: mounika120 <mounikapolisetti97@gmail.com>
Date:   Sat May 30 21:38:42 2020 +0200

    second commit

commit 16003b9a250bd4053406d8cbf3f0133a1d016f0f
Author: mounika120 <mounikapolisetti97@gmail.com>
Date:   Sat May 30 21:37:16 2020 +0200

    recent commit

commit 104c3b73df779880cd596b7d4bff42c0143ed59c
Author: mounika120 <mounikapolisetti97@gmail.com>
Date:   Sat May 30 21:31:02 2020 +0200

    recent commits

commit 6cb1093afba5d77d4616c529bf67761e1cd58c92
Author: mounika120 <64479944+mounika120@users.noreply.github.com>
Date:   Sat May 30 21:15:34 2020 +0200

    Create README.md

commit cb334fca5d55909cb5859babbd1441e2516090ba
Author: mounika120 <mounikapolisetti97@gmail.com>
Date:   Thu May 14 20:57:43 2020 +0200

    second commit

commit 79253d87b34327f8d931b7ddaee053288b3f57df
Author: mounika120 <mounikapolisetti97@gmail.com>
Date:   Thu May 14 20:56:27 2020 +0200

    first commit
